<?xml version="1.0" encoding="UTF-8"?>
<!-- Generated by org.testng.reporters.JUnitReportReporter -->
<testsuite skipped="0" hostname="SANJAYAK-LT" name="com.myStore.testCases.RegisterPage_TC001" tests="1" failures="0" timestamp="20 Mar 2021 09:13:41 GMT" time="33.668" errors="0">
  <testcase name="register" time="33.668" classname="com.myStore.testCases.RegisterPage_TC001"/>
</testsuite> <!-- com.myStore.testCases.RegisterPage_TC001 -->
